Build started 10/18/2011 11:35:49 PM.
     1>Project "Z:\Documents\Chess-CIS208\Chess\Chess.vcxproj" on node 2 (rebuild target(s)).
     1>_PrepareForClean:
         Deleting file "Debug\Chess.lastbuildstate".
       InitializeBuildStatus:
         Touching "Debug\Chess.unsuccessfulbuild".
       ClCompile:
         C:\Program Files (x86)\Microsoft Visual Studio 10.0\VC\bin\CL.exe /c /ZI /nologo /W3 /WX- /Od /Oy- /D WIN32 /D _DEBUG /D _CONSOLE /D _UNICODE /D UNICODE /Gm /EHsc /RTC1 /MDd /GS /fp:precise /Zc:wchar_t /Zc:forScope /Fo"Debug\\" /Fd"Debug\vc100.pdb" /Gd /TP /analyze- /errorReport:prompt Board.cpp Display.cpp main.cpp Move.cpp Rules.cpp Square.cpp
         Square.cpp
         Rules.cpp
         Move.cpp
         main.cpp
     1>z:\documents\chess-cis208\chess\display.h(19): error C2146: syntax error : missing ';' before identifier 'chessfile'
     1>z:\documents\chess-cis208\chess\display.h(19): error C4430: missing type specifier - int assumed. Note: C++ does not support default-int
     1>z:\documents\chess-cis208\chess\display.h(19): error C4430: missing type specifier - int assumed. Note: C++ does not support default-int
     1>z:\documents\chess-cis208\chess\main.cpp(28): error C2039: 'showPosition' : is not a member of 'Display'
                 z:\documents\chess-cis208\chess\display.h(11) : see declaration of 'Display'
     1>z:\documents\chess-cis208\chess\main.cpp(30): error C2039: 'isGameOver' : is not a member of 'Rules'
                 z:\documents\chess-cis208\chess\rules.h(14) : see declaration of 'Rules'
     1>z:\documents\chess-cis208\chess\main.cpp(30): fatal error C1903: unable to recover from previous error(s); stopping compilation
         Display.cpp
     1>z:\documents\chess-cis208\chess\display.h(15): error C2061: syntax error : identifier 'Board'
     1>z:\documents\chess-cis208\chess\display.h(19): error C2146: syntax error : missing ';' before identifier 'chessfile'
     1>z:\documents\chess-cis208\chess\display.h(19): error C4430: missing type specifier - int assumed. Note: C++ does not support default-int
     1>z:\documents\chess-cis208\chess\display.h(19): error C4430: missing type specifier - int assumed. Note: C++ does not support default-int
     1>z:\documents\chess-cis208\chess\display.cpp(12): error C2065: 'chessfile' : undeclared identifier
     1>z:\documents\chess-cis208\chess\display.cpp(12): error C2228: left of '.open' must have class/struct/union
                 type is ''unknown-type''
     1>z:\documents\chess-cis208\chess\display.cpp(19): error C2511: 'Move Display::getMove(Board &,Rules,Player)' : overloaded member function not found in 'Display'
                 z:\documents\chess-cis208\chess\display.h(11) : see declaration of 'Display'
         Board.cpp
         Generating Code...
     1>Done Building Project "Z:\Documents\Chess-CIS208\Chess\Chess.vcxproj" (rebuild target(s)) -- FAILED.

Build FAILED.

Time Elapsed 00:00:01.89
